{"/home/priyanka/WebstormProjects/validators/index.test.js":{"path":"/home/priyanka/WebstormProjects/validators/index.test.js","s":{"1":1,"2":1,"3":1,"4":1,"5":1,"6":1,"7":1,"8":1,"9":1,"10":1,"11":1,"12":1,"13":1,"14":1,"15":1,"16":1,"17":1,"18":1,"19":1,"20":1,"21":1,"22":1,"23":1,"24":1,"25":1,"26":1,"27":1,"28":1,"29":1,"30":1,"31":1,"32":1,"33":1,"34":1,"35":1,"36":1,"37":1,"38":1,"39":1,"40":1,"41":1,"42":1,"43":1,"44":1,"45":1,"46":1,"47":1,"48":1,"49":1,"50":1,"51":1,"52":1,"53":1,"54":1,"55":1,"56":1,"57":1,"58":1,"59":1,"60":1,"61":1,"62":1,"63":1,"64":1,"65":1,"66":1,"67":1,"68":1,"69":1,"70":1,"71":1,"72":1,"73":1,"74":1,"75":1,"76":1,"77":1,"78":1,"79":1,"80":1,"81":1,"82":1,"83":1,"84":1,"85":1,"86":1,"87":1,"88":1,"89":1,"90":1,"91":1,"92":1,"93":1,"94":1,"95":1,"96":1,"97":1,"98":1,"99":1,"100":1,"101":1,"102":1,"103":1,"104":1,"105":1,"106":1,"107":1,"108":1,"109":1,"110":1,"111":1,"112":1},"b":{},"f":{},"fnMap":{},"statementMap":{"1":{"start":{"line":1,"column":0},"end":{"line":1,"column":33}},"2":{"start":{"line":2,"column":0},"end":{"line":2,"column":79}},"3":{"start":{"line":4,"column":0},"end":{"line":11,"column":3}},"4":{"start":{"line":5,"column":2},"end":{"line":5,"column":109}},"5":{"start":{"line":5,"column":61},"end":{"line":5,"column":107}},"6":{"start":{"line":6,"column":2},"end":{"line":6,"column":107}},"7":{"start":{"line":6,"column":61},"end":{"line":6,"column":105}},"8":{"start":{"line":7,"column":2},"end":{"line":7,"column":122}},"9":{"start":{"line":7,"column":75},"end":{"line":7,"column":120}},"10":{"start":{"line":8,"column":2},"end":{"line":8,"column":105}},"11":{"start":{"line":8,"column":58},"end":{"line":8,"column":103}},"12":{"start":{"line":9,"column":2},"end":{"line":9,"column":96}},"13":{"start":{"line":9,"column":50},"end":{"line":9,"column":94}},"14":{"start":{"line":10,"column":2},"end":{"line":10,"column":92}},"15":{"start":{"line":10,"column":46},"end":{"line":10,"column":90}},"16":{"start":{"line":13,"column":0},"end":{"line":15,"column":3}},"17":{"start":{"line":14,"column":2},"end":{"line":14,"column":129}},"18":{"start":{"line":14,"column":71},"end":{"line":14,"column":127}},"19":{"start":{"line":17,"column":0},"end":{"line":23,"column":3}},"20":{"start":{"line":18,"column":2},"end":{"line":18,"column":102}},"21":{"start":{"line":18,"column":61},"end":{"line":18,"column":100}},"22":{"start":{"line":19,"column":2},"end":{"line":19,"column":100}},"23":{"start":{"line":19,"column":61},"end":{"line":19,"column":98}},"24":{"start":{"line":20,"column":2},"end":{"line":20,"column":106}},"25":{"start":{"line":20,"column":66},"end":{"line":20,"column":104}},"26":{"start":{"line":21,"column":2},"end":{"line":21,"column":87}},"27":{"start":{"line":21,"column":48},"end":{"line":21,"column":85}},"28":{"start":{"line":22,"column":2},"end":{"line":22,"column":85}},"29":{"start":{"line":22,"column":46},"end":{"line":22,"column":83}},"30":{"start":{"line":25,"column":0},"end":{"line":31,"column":3}},"31":{"start":{"line":26,"column":2},"end":{"line":26,"column":138}},"32":{"start":{"line":26,"column":61},"end":{"line":26,"column":136}},"33":{"start":{"line":26,"column":81},"end":{"line":26,"column":106}},"34":{"start":{"line":27,"column":2},"end":{"line":27,"column":136}},"35":{"start":{"line":27,"column":61},"end":{"line":27,"column":134}},"36":{"start":{"line":27,"column":81},"end":{"line":27,"column":104}},"37":{"start":{"line":28,"column":2},"end":{"line":28,"column":142}},"38":{"start":{"line":28,"column":66},"end":{"line":28,"column":140}},"39":{"start":{"line":28,"column":86},"end":{"line":28,"column":110}},"40":{"start":{"line":29,"column":2},"end":{"line":29,"column":99}},"41":{"start":{"line":29,"column":48},"end":{"line":29,"column":97}},"42":{"start":{"line":30,"column":2},"end":{"line":30,"column":97}},"43":{"start":{"line":30,"column":46},"end":{"line":30,"column":95}},"44":{"start":{"line":33,"column":0},"end":{"line":40,"column":3}},"45":{"start":{"line":34,"column":2},"end":{"line":34,"column":102}},"46":{"start":{"line":34,"column":61},"end":{"line":34,"column":100}},"47":{"start":{"line":35,"column":2},"end":{"line":35,"column":100}},"48":{"start":{"line":35,"column":61},"end":{"line":35,"column":98}},"49":{"start":{"line":36,"column":2},"end":{"line":36,"column":106}},"50":{"start":{"line":36,"column":66},"end":{"line":36,"column":104}},"51":{"start":{"line":37,"column":2},"end":{"line":37,"column":92}},"52":{"start":{"line":37,"column":52},"end":{"line":37,"column":90}},"53":{"start":{"line":38,"column":2},"end":{"line":38,"column":87}},"54":{"start":{"line":38,"column":48},"end":{"line":38,"column":85}},"55":{"start":{"line":39,"column":2},"end":{"line":39,"column":85}},"56":{"start":{"line":39,"column":46},"end":{"line":39,"column":83}},"57":{"start":{"line":42,"column":0},"end":{"line":49,"column":3}},"58":{"start":{"line":43,"column":2},"end":{"line":43,"column":110}},"59":{"start":{"line":43,"column":64},"end":{"line":43,"column":108}},"60":{"start":{"line":44,"column":2},"end":{"line":44,"column":105}},"61":{"start":{"line":44,"column":61},"end":{"line":44,"column":103}},"62":{"start":{"line":45,"column":2},"end":{"line":45,"column":113}},"63":{"start":{"line":45,"column":68},"end":{"line":45,"column":111}},"64":{"start":{"line":46,"column":2},"end":{"line":46,"column":97}},"65":{"start":{"line":46,"column":52},"end":{"line":46,"column":95}},"66":{"start":{"line":47,"column":2},"end":{"line":47,"column":115}},"67":{"start":{"line":47,"column":70},"end":{"line":47,"column":113}},"68":{"start":{"line":48,"column":2},"end":{"line":48,"column":95}},"69":{"start":{"line":48,"column":51},"end":{"line":48,"column":93}},"70":{"start":{"line":51,"column":0},"end":{"line":53,"column":3}},"71":{"start":{"line":52,"column":2},"end":{"line":52,"column":108}},"72":{"start":{"line":52,"column":52},"end":{"line":52,"column":106}},"73":{"start":{"line":55,"column":0},"end":{"line":61,"column":3}},"74":{"start":{"line":56,"column":2},"end":{"line":56,"column":111}},"75":{"start":{"line":56,"column":64},"end":{"line":56,"column":109}},"76":{"start":{"line":57,"column":2},"end":{"line":57,"column":105}},"77":{"start":{"line":57,"column":61},"end":{"line":57,"column":103}},"78":{"start":{"line":58,"column":2},"end":{"line":58,"column":117}},"79":{"start":{"line":58,"column":71},"end":{"line":58,"column":115}},"80":{"start":{"line":59,"column":2},"end":{"line":59,"column":98}},"81":{"start":{"line":59,"column":52},"end":{"line":59,"column":96}},"82":{"start":{"line":60,"column":2},"end":{"line":60,"column":94}},"83":{"start":{"line":60,"column":49},"end":{"line":60,"column":92}},"84":{"start":{"line":63,"column":0},"end":{"line":69,"column":3}},"85":{"start":{"line":64,"column":2},"end":{"line":64,"column":111}},"86":{"start":{"line":64,"column":64},"end":{"line":64,"column":109}},"87":{"start":{"line":65,"column":2},"end":{"line":65,"column":112}},"88":{"start":{"line":65,"column":64},"end":{"line":65,"column":110}},"89":{"start":{"line":66,"column":2},"end":{"line":66,"column":121}},"90":{"start":{"line":66,"column":74},"end":{"line":66,"column":119}},"91":{"start":{"line":67,"column":2},"end":{"line":67,"column":99}},"92":{"start":{"line":67,"column":52},"end":{"line":67,"column":97}},"93":{"start":{"line":68,"column":2},"end":{"line":68,"column":102}},"94":{"start":{"line":68,"column":56},"end":{"line":68,"column":100}},"95":{"start":{"line":71,"column":0},"end":{"line":76,"column":3}},"96":{"start":{"line":72,"column":2},"end":{"line":72,"column":104}},"97":{"start":{"line":72,"column":61},"end":{"line":72,"column":102}},"98":{"start":{"line":73,"column":2},"end":{"line":73,"column":102}},"99":{"start":{"line":73,"column":61},"end":{"line":73,"column":100}},"100":{"start":{"line":74,"column":2},"end":{"line":74,"column":109}},"101":{"start":{"line":74,"column":67},"end":{"line":74,"column":107}},"102":{"start":{"line":75,"column":2},"end":{"line":75,"column":90}},"103":{"start":{"line":75,"column":49},"end":{"line":75,"column":88}},"104":{"start":{"line":78,"column":0},"end":{"line":83,"column":3}},"105":{"start":{"line":79,"column":2},"end":{"line":79,"column":110}},"106":{"start":{"line":79,"column":61},"end":{"line":79,"column":108}},"107":{"start":{"line":80,"column":2},"end":{"line":80,"column":108}},"108":{"start":{"line":80,"column":61},"end":{"line":80,"column":106}},"109":{"start":{"line":81,"column":2},"end":{"line":81,"column":121}},"110":{"start":{"line":81,"column":73},"end":{"line":81,"column":119}},"111":{"start":{"line":82,"column":2},"end":{"line":82,"column":103}},"112":{"start":{"line":82,"column":56},"end":{"line":82,"column":101}}},"branchMap":{}},"/home/priyanka/WebstormProjects/validators/index.js":{"path":"/home/priyanka/WebstormProjects/validators/index.js","s":{"1":1,"2":1,"3":1,"4":5,"5":78,"6":78,"7":73,"8":1,"9":4,"10":4,"11":4,"12":56,"13":56,"14":56,"15":4,"16":1,"17":6,"18":3,"19":3,"20":1,"21":1,"22":5,"23":2,"24":2,"25":3,"26":1,"27":5,"28":3,"29":2,"30":1,"31":6,"32":3,"33":3,"34":1,"35":1,"36":1,"37":1,"38":3,"39":3,"40":0,"41":3,"42":3,"43":3,"44":1,"45":1,"46":11,"47":1,"48":6,"49":2,"50":24,"51":4,"52":1,"53":1,"54":5,"55":5,"56":2,"57":3,"58":1,"59":5,"60":5,"61":3,"62":2,"63":1,"64":4,"65":1,"66":4,"67":1,"68":0,"69":1,"70":0,"71":1,"72":0,"73":1,"74":0,"75":0,"76":0,"77":0,"78":1,"79":0,"80":1,"81":1},"b":{"1":[38,40],"2":[17,61],"3":[3,3],"4":[6,4],"5":[2,3],"6":[5,3],"7":[3,2],"8":[5,3],"9":[2,0],"10":[3,3],"11":[6,4],"12":[0,3],"13":[3,0],"14":[2,4],"15":[2,3],"16":[5,3],"17":[3,2],"18":[5,4],"19":[0,0],"20":[0,0]},"f":{"1":3},"fnMap":{"1":{"name":"invArray","line":112,"loc":{"start":{"line":112,"column":0},"end":{"line":112,"column":23}}}},"statementMap":{"1":{"start":{"line":1,"column":0},"end":{"line":16,"column":2}},"2":{"start":{"line":18,"column":0},"end":{"line":30,"column":2}},"3":{"start":{"line":32,"column":0},"end":{"line":34,"column":38}},"4":{"start":{"line":32,"column":27},"end":{"line":34,"column":37}},"5":{"start":{"line":32,"column":68},"end":{"line":32,"column":87}},"6":{"start":{"line":33,"column":13},"end":{"line":33,"column":37}},"7":{"start":{"line":34,"column":20},"end":{"line":34,"column":25}},"8":{"start":{"line":38,"column":0},"end":{"line":45,"column":2}},"9":{"start":{"line":39,"column":2},"end":{"line":39,"column":64}},"10":{"start":{"line":40,"column":2},"end":{"line":40,"column":53}},"11":{"start":{"line":41,"column":2},"end":{"line":43,"column":32}},"12":{"start":{"line":41,"column":34},"end":{"line":41,"column":64}},"13":{"start":{"line":42,"column":14},"end":{"line":42,"column":43}},"14":{"start":{"line":43,"column":22},"end":{"line":43,"column":27}},"15":{"start":{"line":44,"column":2},"end":{"line":44,"column":37}},"16":{"start":{"line":47,"column":0},"end":{"line":52,"column":2}},"17":{"start":{"line":48,"column":2},"end":{"line":50,"column":3}},"18":{"start":{"line":49,"column":4},"end":{"line":49,"column":67}},"19":{"start":{"line":51,"column":2},"end":{"line":51,"column":15}},"20":{"start":{"line":54,"column":0},"end":{"line":54,"column":36}},"21":{"start":{"line":58,"column":0},"end":{"line":64,"column":2}},"22":{"start":{"line":59,"column":2},"end":{"line":62,"column":3}},"23":{"start":{"line":60,"column":4},"end":{"line":60,"column":77}},"24":{"start":{"line":61,"column":4},"end":{"line":61,"column":53}},"25":{"start":{"line":63,"column":2},"end":{"line":63,"column":15}},"26":{"start":{"line":66,"column":0},"end":{"line":69,"column":2}},"27":{"start":{"line":67,"column":2},"end":{"line":67,"column":100}},"28":{"start":{"line":67,"column":66},"end":{"line":67,"column":100}},"29":{"start":{"line":68,"column":2},"end":{"line":68,"column":57}},"30":{"start":{"line":73,"column":0},"end":{"line":78,"column":2}},"31":{"start":{"line":74,"column":2},"end":{"line":76,"column":3}},"32":{"start":{"line":75,"column":4},"end":{"line":75,"column":91}},"33":{"start":{"line":77,"column":2},"end":{"line":77,"column":15}},"34":{"start":{"line":83,"column":0},"end":{"line":94,"column":2}},"35":{"start":{"line":97,"column":0},"end":{"line":106,"column":2}},"36":{"start":{"line":109,"column":0},"end":{"line":109,"column":43}},"37":{"start":{"line":112,"column":0},"end":{"line":117,"column":1}},"38":{"start":{"line":113,"column":2},"end":{"line":113,"column":18}},"39":{"start":{"line":114,"column":2},"end":{"line":114,"column":89}},"40":{"start":{"line":114,"column":67},"end":{"line":114,"column":89}},"41":{"start":{"line":115,"column":2},"end":{"line":115,"column":103}},"42":{"start":{"line":115,"column":67},"end":{"line":115,"column":103}},"43":{"start":{"line":116,"column":2},"end":{"line":116,"column":25}},"44":{"start":{"line":120,"column":0},"end":{"line":120,"column":97}},"45":{"start":{"line":120,"column":27},"end":{"line":120,"column":96}},"46":{"start":{"line":120,"column":68},"end":{"line":120,"column":91}},"47":{"start":{"line":123,"column":0},"end":{"line":128,"column":2}},"48":{"start":{"line":124,"column":2},"end":{"line":126,"column":3}},"49":{"start":{"line":125,"column":4},"end":{"line":125,"column":71}},"50":{"start":{"line":125,"column":49},"end":{"line":125,"column":66}},"51":{"start":{"line":127,"column":2},"end":{"line":127,"column":15}},"52":{"start":{"line":130,"column":0},"end":{"line":130,"column":32}},"53":{"start":{"line":134,"column":0},"end":{"line":138,"column":2}},"54":{"start":{"line":135,"column":2},"end":{"line":135,"column":32}},"55":{"start":{"line":136,"column":2},"end":{"line":136,"column":70}},"56":{"start":{"line":136,"column":48},"end":{"line":136,"column":70}},"57":{"start":{"line":137,"column":2},"end":{"line":137,"column":15}},"58":{"start":{"line":141,"column":0},"end":{"line":145,"column":2}},"59":{"start":{"line":142,"column":2},"end":{"line":142,"column":32}},"60":{"start":{"line":143,"column":2},"end":{"line":143,"column":86}},"61":{"start":{"line":143,"column":64},"end":{"line":143,"column":86}},"62":{"start":{"line":144,"column":2},"end":{"line":144,"column":15}},"63":{"start":{"line":149,"column":0},"end":{"line":149,"column":42}},"64":{"start":{"line":149,"column":21},"end":{"line":149,"column":41}},"65":{"start":{"line":152,"column":0},"end":{"line":152,"column":46}},"66":{"start":{"line":152,"column":23},"end":{"line":152,"column":45}},"67":{"start":{"line":155,"column":0},"end":{"line":155,"column":44}},"68":{"start":{"line":155,"column":22},"end":{"line":155,"column":43}},"69":{"start":{"line":159,"column":0},"end":{"line":159,"column":50}},"70":{"start":{"line":159,"column":25},"end":{"line":159,"column":49}},"71":{"start":{"line":163,"column":0},"end":{"line":163,"column":52}},"72":{"start":{"line":163,"column":26},"end":{"line":163,"column":51}},"73":{"start":{"line":167,"column":0},"end":{"line":171,"column":2}},"74":{"start":{"line":168,"column":2},"end":{"line":168,"column":35}},"75":{"start":{"line":169,"column":2},"end":{"line":169,"column":81}},"76":{"start":{"line":169,"column":37},"end":{"line":169,"column":81}},"77":{"start":{"line":170,"column":2},"end":{"line":170,"column":16}},"78":{"start":{"line":175,"column":0},"end":{"line":175,"column":40}},"79":{"start":{"line":175,"column":20},"end":{"line":175,"column":39}},"80":{"start":{"line":177,"column":0},"end":{"line":179,"column":2}},"81":{"start":{"line":182,"column":0},"end":{"line":182,"column":101}}},"branchMap":{"1":{"line":32,"type":"cond-expr","locations":[{"start":{"line":32,"column":76},"end":{"line":32,"column":82}},{"start":{"line":32,"column":85},"end":{"line":32,"column":87}}]},"2":{"line":33,"type":"cond-expr","locations":[{"start":{"line":33,"column":21},"end":{"line":33,"column":33}},{"start":{"line":33,"column":36},"end":{"line":33,"column":37}}]},"3":{"line":48,"type":"if","locations":[{"start":{"line":48,"column":2},"end":{"line":48,"column":2}},{"start":{"line":48,"column":2},"end":{"line":48,"column":2}}]},"4":{"line":48,"type":"binary-expr","locations":[{"start":{"line":48,"column":6},"end":{"line":48,"column":25}},{"start":{"line":48,"column":29},"end":{"line":48,"column":65}}]},"5":{"line":59,"type":"if","locations":[{"start":{"line":59,"column":2},"end":{"line":59,"column":2}},{"start":{"line":59,"column":2},"end":{"line":59,"column":2}}]},"6":{"line":59,"type":"binary-expr","locations":[{"start":{"line":59,"column":6},"end":{"line":59,"column":25}},{"start":{"line":59,"column":29},"end":{"line":59,"column":63}}]},"7":{"line":67,"type":"if","locations":[{"start":{"line":67,"column":2},"end":{"line":67,"column":2}},{"start":{"line":67,"column":2},"end":{"line":67,"column":2}}]},"8":{"line":67,"type":"binary-expr","locations":[{"start":{"line":67,"column":6},"end":{"line":67,"column":25}},{"start":{"line":67,"column":29},"end":{"line":67,"column":64}}]},"9":{"line":68,"type":"binary-expr","locations":[{"start":{"line":68,"column":9},"end":{"line":68,"column":43}},{"start":{"line":68,"column":47},"end":{"line":68,"column":56}}]},"10":{"line":74,"type":"if","locations":[{"start":{"line":74,"column":2},"end":{"line":74,"column":2}},{"start":{"line":74,"column":2},"end":{"line":74,"column":2}}]},"11":{"line":74,"type":"binary-expr","locations":[{"start":{"line":74,"column":6},"end":{"line":74,"column":25}},{"start":{"line":74,"column":29},"end":{"line":74,"column":63}}]},"12":{"line":114,"type":"if","locations":[{"start":{"line":114,"column":2},"end":{"line":114,"column":2}},{"start":{"line":114,"column":2},"end":{"line":114,"column":2}}]},"13":{"line":115,"type":"if","locations":[{"start":{"line":115,"column":2},"end":{"line":115,"column":2}},{"start":{"line":115,"column":2},"end":{"line":115,"column":2}}]},"14":{"line":124,"type":"if","locations":[{"start":{"line":124,"column":2},"end":{"line":124,"column":2}},{"start":{"line":124,"column":2},"end":{"line":124,"column":2}}]},"15":{"line":136,"type":"if","locations":[{"start":{"line":136,"column":2},"end":{"line":136,"column":2}},{"start":{"line":136,"column":2},"end":{"line":136,"column":2}}]},"16":{"line":136,"type":"binary-expr","locations":[{"start":{"line":136,"column":6},"end":{"line":136,"column":23}},{"start":{"line":136,"column":27},"end":{"line":136,"column":46}}]},"17":{"line":143,"type":"if","locations":[{"start":{"line":143,"column":2},"end":{"line":143,"column":2}},{"start":{"line":143,"column":2},"end":{"line":143,"column":2}}]},"18":{"line":143,"type":"binary-expr","locations":[{"start":{"line":143,"column":6},"end":{"line":143,"column":39}},{"start":{"line":143,"column":43},"end":{"line":143,"column":62}}]},"19":{"line":169,"type":"if","locations":[{"start":{"line":169,"column":2},"end":{"line":169,"column":2}},{"start":{"line":169,"column":2},"end":{"line":169,"column":2}}]},"20":{"line":169,"type":"binary-expr","locations":[{"start":{"line":169,"column":46},"end":{"line":169,"column":52}},{"start":{"line":169,"column":57},"end":{"line":169,"column":79}}]}}}}