TN:
SF:/home/priyanka/WebstormProjects/validators/index.test.js
FNF:0
FNH:0
DA:1,1
DA:2,1
DA:4,1
DA:5,1
DA:6,1
DA:7,1
DA:8,1
DA:9,1
DA:10,1
DA:13,1
DA:14,1
DA:17,1
DA:18,1
DA:19,1
DA:20,1
DA:21,1
DA:22,1
DA:25,1
DA:26,1
DA:27,1
DA:28,1
DA:29,1
DA:30,1
DA:33,1
DA:34,1
DA:35,1
DA:36,1
DA:37,1
DA:38,1
DA:39,1
DA:42,1
DA:43,1
DA:44,1
DA:45,1
DA:46,1
DA:47,1
DA:48,1
DA:51,1
DA:52,1
DA:55,1
DA:56,1
DA:57,1
DA:58,1
DA:59,1
DA:60,1
DA:63,1
DA:64,1
DA:65,1
DA:66,1
DA:67,1
DA:68,1
DA:71,1
DA:72,1
DA:73,1
DA:74,1
DA:75,1
DA:78,1
DA:79,1
DA:80,1
DA:81,1
DA:82,1
DA:85,1
DA:86,1
DA:87,1
DA:88,1
DA:89,1
DA:92,1
DA:93,1
DA:94,1
DA:95,1
DA:96,1
DA:99,1
DA:100,1
DA:101,1
DA:102,1
DA:103,1
DA:106,1
DA:107,1
DA:108,1
DA:109,1
DA:110,1
DA:111,1
DA:112,1
DA:113,1
DA:114,1
DA:115,1
DA:116,1
DA:119,1
DA:120,1
DA:121,1
DA:122,1
DA:123,1
LF:92
LH:92
BRF:0
BRH:0
end_of_record
TN:
SF:/home/priyanka/WebstormProjects/validators/index.js
FN:88,invArray
FNF:1
FNH:1
FNDA:3,invArray
DA:1,1
DA:17,1
DA:30,78
DA:31,78
DA:32,73
DA:33,1
DA:34,4
DA:35,4
DA:36,56
DA:37,56
DA:38,56
DA:39,4
DA:41,1
DA:42,6
DA:43,3
DA:45,3
DA:47,1
DA:48,1
DA:49,5
DA:50,2
DA:51,2
DA:53,3
DA:55,1
DA:56,5
DA:57,2
DA:59,1
DA:60,6
DA:61,3
DA:63,3
DA:65,1
DA:77,1
DA:87,1
DA:88,1
DA:89,3
DA:90,3
DA:91,3
DA:92,3
DA:94,11
DA:95,1
DA:96,6
DA:97,24
DA:99,4
DA:101,1
DA:102,1
DA:103,5
DA:104,5
DA:105,3
DA:107,1
DA:108,5
DA:109,5
DA:110,2
DA:112,4
DA:113,4
DA:114,4
DA:115,4
DA:116,4
DA:117,1
DA:118,10
DA:119,10
DA:120,10
DA:122,4
DA:123,1
DA:126,1
LF:63
LH:63
BRDA:30,1,0,38
BRDA:30,1,1,40
BRDA:31,2,0,17
BRDA:31,2,1,61
BRDA:42,3,0,3
BRDA:42,3,1,3
BRDA:42,4,0,6
BRDA:42,4,1,4
BRDA:49,5,0,2
BRDA:49,5,1,3
BRDA:49,6,0,5
BRDA:49,6,1,3
BRDA:56,7,0,3
BRDA:56,7,1,2
BRDA:56,8,0,5
BRDA:56,8,1,3
BRDA:57,9,0,2
BRDA:57,9,1,0
BRDA:60,10,0,3
BRDA:60,10,1,3
BRDA:60,11,0,6
BRDA:60,11,1,4
BRDA:90,12,0,0
BRDA:90,12,1,3
BRDA:91,13,0,3
BRDA:91,13,1,0
BRDA:96,14,0,2
BRDA:96,14,1,4
BRDA:104,15,0,2
BRDA:104,15,1,3
BRDA:104,16,0,5
BRDA:104,16,1,3
BRDA:109,17,0,3
BRDA:109,17,1,2
BRDA:109,18,0,5
BRDA:109,18,1,4
BRDA:119,19,0,0
BRDA:119,19,1,10
BRDA:119,20,0,0
BRDA:119,20,1,0
BRF:40
BRH:34
end_of_record
