TN:
SF:/home/priyanka/WebstormProjects/validators/index.test.js
FNF:0
FNH:0
DA:1,1
DA:2,1
DA:4,1
DA:5,1
DA:6,1
DA:7,1
DA:8,1
DA:9,1
DA:10,1
DA:13,1
DA:14,1
DA:17,1
DA:18,1
DA:19,1
DA:20,1
DA:21,1
DA:22,1
DA:25,1
DA:26,1
DA:27,1
DA:28,1
DA:29,1
DA:30,1
DA:33,1
DA:34,1
DA:35,1
DA:36,1
DA:37,1
DA:38,1
DA:39,1
DA:42,1
DA:43,1
DA:44,1
DA:45,1
DA:46,1
DA:47,1
DA:48,1
DA:51,1
DA:52,1
DA:55,1
DA:56,1
DA:57,1
DA:58,1
DA:59,1
DA:60,1
DA:63,1
DA:64,1
DA:65,1
DA:66,1
DA:67,1
DA:68,1
DA:71,1
DA:72,1
DA:73,1
DA:74,1
DA:75,1
DA:78,1
DA:79,1
DA:80,1
DA:81,1
DA:82,1
LF:61
LH:61
BRF:0
BRH:0
end_of_record
TN:
SF:/home/priyanka/WebstormProjects/validators/index.js
FN:112,invArray
FNF:1
FNH:1
FNDA:3,invArray
DA:1,1
DA:18,1
DA:32,78
DA:33,78
DA:34,73
DA:38,1
DA:39,4
DA:40,4
DA:41,56
DA:42,56
DA:43,56
DA:44,4
DA:47,1
DA:48,6
DA:49,3
DA:51,3
DA:54,1
DA:58,1
DA:59,5
DA:60,2
DA:61,2
DA:63,3
DA:66,1
DA:67,5
DA:68,2
DA:73,1
DA:74,6
DA:75,3
DA:77,3
DA:83,1
DA:97,1
DA:109,1
DA:112,1
DA:113,3
DA:114,3
DA:115,3
DA:116,3
DA:120,11
DA:123,1
DA:124,6
DA:125,24
DA:127,4
DA:130,1
DA:134,1
DA:135,5
DA:136,5
DA:137,3
DA:141,1
DA:142,5
DA:143,5
DA:144,2
DA:149,4
DA:152,4
DA:155,1
DA:159,1
DA:163,1
DA:167,1
DA:168,0
DA:169,0
DA:170,0
DA:175,1
DA:177,1
DA:182,1
LF:63
LH:60
BRDA:32,1,0,38
BRDA:32,1,1,40
BRDA:33,2,0,17
BRDA:33,2,1,61
BRDA:48,3,0,3
BRDA:48,3,1,3
BRDA:48,4,0,6
BRDA:48,4,1,4
BRDA:59,5,0,2
BRDA:59,5,1,3
BRDA:59,6,0,5
BRDA:59,6,1,3
BRDA:67,7,0,3
BRDA:67,7,1,2
BRDA:67,8,0,5
BRDA:67,8,1,3
BRDA:68,9,0,2
BRDA:68,9,1,0
BRDA:74,10,0,3
BRDA:74,10,1,3
BRDA:74,11,0,6
BRDA:74,11,1,4
BRDA:114,12,0,0
BRDA:114,12,1,3
BRDA:115,13,0,3
BRDA:115,13,1,0
BRDA:124,14,0,2
BRDA:124,14,1,4
BRDA:136,15,0,2
BRDA:136,15,1,3
BRDA:136,16,0,5
BRDA:136,16,1,3
BRDA:143,17,0,3
BRDA:143,17,1,2
BRDA:143,18,0,5
BRDA:143,18,1,4
BRDA:169,19,0,0
BRDA:169,19,1,0
BRDA:169,20,0,0
BRDA:169,20,1,0
BRF:40
BRH:33
end_of_record
